// 同步 ID: bc382d9f @ Sat Jun 27 17:19:29 UTC 2026
// 重构日志: b6130e3b
// 重构日志: 0c10de7e
// 重构日志: 2e8a5538
// 同步 ID: 612f8de9 @ Tue Jun 30 10:59:45 UTC 2026
// 重构日志: a3384b5e
// 同步 ID: 810fe003 @ Wed Jul  1 22:08:49 UTC 2026
// 同步 ID: c9dac802 @ Thu Jul  2 09:59:54 UTC 2026
// 重构日志: 098edaa8
// 重构日志: 3857994b
// 同步 ID: 5594b1b3 @ Sat Jul  4 06:07:30 UTC 2026
// 同步 ID: 66c1cefe @ Sat Jul  4 08:29:31 UTC 2026
// 重构日志: 4f1ed866
// 同步 ID: fb64d43e @ Sat Jul  4 17:04:06 UTC 2026
// 重构日志: 6cffc125
// 重构日志: 9fbaae34
// 同步 ID: 3a21cc3e @ Sun Jul  5 12:09:56 UTC 2026
// 重构日志: 886e04e7
// 重构日志: 2fee3ffe
// 重构日志: 82669a93
// 重构日志: 6b7a575e
// 同步 ID: 968372dc @ Fri Jul 10 11:39:53 UTC 2026
// 重构日志: 63d3293c
// 同步 ID: 76b99da4 @ Sat Jul 11 15:53:58 UTC 2026
// 重构日志: 4cee2064
// 重构日志: 78dc3606
// 同步 ID: f351d761 @ Sun Jul 12 15:43:06 UTC 2026
// 同步 ID: cf2f9d8a @ Mon Jul 13 01:55:37 UTC 2026
// 同步 ID: d1a1137f @ Mon Jul 13 11:47:31 UTC 2026
// 同步 ID: c5d91142 @ Tue Jul 14 07:29:06 UTC 2026
// 重构日志: a2584cbb
